2019-09-12 10:44:43,344 INFO c.j.App [main] Starting App on INS52532 with PID 31700 (C:\Users\s03ekt\EclipseProjects\mavenAgain\target\classes started by S03EKT in C:\Users\s03ekt\EclipseProjects\mavenAgain)
2019-09-12 10:44:43,355 DEBUG c.j.App [main] Running with Spring Boot v1.5.1.RELEASE, Spring v4.3.6.RELEASE
2019-09-12 10:44:43,356 INFO c.j.App [main] No active profile set, falling back to default profiles: default
2019-09-12 10:44:48,465 INFO c.j.App [main] Started App in 5.824 seconds (JVM running for 13.094)
2019-09-12 10:45:35,787 DEBUG c.j.App [http-nio-8080-exec-1] Debugging log
2019-09-12 10:45:35,789 INFO c.j.App [http-nio-8080-exec-1] Info log
2019-09-12 10:45:35,791 WARN c.j.App [http-nio-8080-exec-1] Hey, This is a warning!
2019-09-12 10:45:35,797 ERROR c.j.App [http-nio-8080-exec-1] Oops! We have an Error. OK
2019-09-12 10:45:35,799 FATAL c.j.App [http-nio-8080-exec-1] Damn! Fatal error. Please fix me.
2019-09-12 10:45:40,032 DEBUG c.j.App [http-nio-8080-exec-3] Debugging log
2019-09-12 10:45:40,033 INFO c.j.App [http-nio-8080-exec-3] Info log
2019-09-12 10:45:40,036 WARN c.j.App [http-nio-8080-exec-3] Hey, This is a warning!
2019-09-12 10:45:40,037 ERROR c.j.App [http-nio-8080-exec-3] Oops! We have an Error. OK
2019-09-12 10:45:40,039 FATAL c.j.App [http-nio-8080-exec-3] Damn! Fatal error. Please fix me.
2019-09-12 10:45:40,844 DEBUG c.j.App [http-nio-8080-exec-5] Debugging log
2019-09-12 10:45:40,845 INFO c.j.App [http-nio-8080-exec-5] Info log
2019-09-12 10:45:40,846 WARN c.j.App [http-nio-8080-exec-5] Hey, This is a warning!
2019-09-12 10:45:40,848 ERROR c.j.App [http-nio-8080-exec-5] Oops! We have an Error. OK
2019-09-12 10:45:40,850 FATAL c.j.App [http-nio-8080-exec-5] Damn! Fatal error. Please fix me.
2019-09-12 11:16:52,534 INFO c.j.App [main] Starting App on INS52532 with PID 27280 (C:\Users\s03ekt\EclipseProjects\mavenAgain\target\classes started by S03EKT in C:\Users\s03ekt\EclipseProjects\mavenAgain)
2019-09-12 11:16:52,543 DEBUG c.j.App [main] Running with Spring Boot v1.5.1.RELEASE, Spring v4.3.6.RELEASE
2019-09-12 11:16:52,545 INFO c.j.App [main] No active profile set, falling back to default profiles: default
2019-09-12 11:16:54,546 INFO o.s.c.s.PostProcessorRegistrationDelegate$BeanPostProcessorChecker [main] Bean 'org.springframework.boot.autoconfigure.validation.ValidationAutoConfiguration' of type [class org.springframework.boot.autoconfigure.validation.ValidationAutoConfiguration] is not eligible for getting processed by all BeanPostProcessors (for example: not eligible for auto-proxying)
2019-09-12 11:16:54,657 INFO o.h.v.i.u.Version [main] HV000001: Hibernate Validator 5.3.4.Final
2019-09-12 11:16:54,959 INFO o.s.c.s.PostProcessorRegistrationDelegate$BeanPostProcessorChecker [main] Bean 'validator' of type [class org.springframework.validation.beanvalidation.LocalValidatorFactoryBean] is not eligible for getting processed by all BeanPostProcessors (for example: not eligible for auto-proxying)
2019-09-12 11:16:55,708 INFO o.a.c.c.StandardService [main] Starting service Tomcat
2019-09-12 11:16:55,714 INFO o.a.c.c.StandardEngine [main] Starting Servlet Engine: Apache Tomcat/8.5.11
2019-09-12 11:16:57,188 INFO o.a.c.c.C.[.[.[/] [localhost-startStop-1] Initializing Spring embedded WebApplicationContext
2019-09-12 11:16:57,191 INFO o.s.w.c.ContextLoader [localhost-startStop-1] Root WebApplicationContext: initialization completed in 4217 ms
2019-09-12 11:16:58,029 INFO o.s.w.s.m.m.a.RequestMappingHandlerAdapter [main] Looking for @ControllerAdvice: org.springframework.boot.context.embedded.AnnotationConfigEmbeddedWebApplicationContext@3adbcf76: startup date [Thu Sep 12 11:16:52 IST 2019]; root of context hierarchy
2019-09-12 11:16:58,253 INFO o.s.w.s.m.m.a.RequestMappingHandlerMapping [main] Mapped "{[/]}" onto java.lang.String com.javapoint.App.hello()
2019-09-12 11:16:58,264 INFO o.s.w.s.m.m.a.RequestMappingHandlerMapping [main] Mapped "{[/error]}" onto public org.springframework.http.ResponseEntity<java.util.Map<java.lang.String, java.lang.Object>> org.springframework.boot.autoconfigure.web.BasicErrorController.error(javax.servlet.http.HttpServletRequest)
2019-09-12 11:16:58,270 INFO o.s.w.s.m.m.a.RequestMappingHandlerMapping [main] Mapped "{[/error],produces=[text/html]}" onto public org.springframework.web.servlet.ModelAndView org.springframework.boot.autoconfigure.web.BasicErrorController.errorHtml(javax.servlet.http.HttpServletRequest,javax.servlet.http.HttpServletResponse)
2019-09-12 11:16:58,346 INFO o.s.w.s.h.SimpleUrlHandlerMapping [main] Mapped URL path [/webjars/**] onto handler of type [class org.springframework.web.servlet.resource.ResourceHttpRequestHandler]
2019-09-12 11:16:58,352 INFO o.s.w.s.h.SimpleUrlHandlerMapping [main] Mapped URL path [/**] onto handler of type [class org.springframework.web.servlet.resource.ResourceHttpRequestHandler]
2019-09-12 11:16:58,465 INFO o.s.w.s.h.SimpleUrlHandlerMapping [main] Mapped URL path [/**/favicon.ico] onto handler of type [class org.springframework.web.servlet.resource.ResourceHttpRequestHandler]
2019-09-12 11:16:59,446 INFO o.s.j.e.a.AnnotationMBeanExporter [main] Registering beans for JMX exposure on startup
2019-09-12 11:16:59,493 INFO o.a.c.h.Http11NioProtocol [main] Initializing ProtocolHandler ["http-nio-8080"]
2019-09-12 11:16:59,545 INFO o.a.c.h.Http11NioProtocol [main] Starting ProtocolHandler [http-nio-8080]
2019-09-12 11:16:59,596 INFO o.a.t.u.n.NioSelectorPool [main] Using a shared selector for servlet write/read
2019-09-12 11:16:59,656 INFO c.j.App [main] Started App in 7.852 seconds (JVM running for 27.383)
2019-09-12 11:18:38,226 INFO o.a.c.c.C.[.[.[/] [http-nio-8080-exec-1] Initializing Spring FrameworkServlet 'dispatcherServlet'
2019-09-12 11:18:38,236 INFO o.s.w.s.DispatcherServlet [http-nio-8080-exec-1] FrameworkServlet 'dispatcherServlet': initialization started
2019-09-12 11:18:38,369 INFO o.s.w.s.DispatcherServlet [http-nio-8080-exec-1] FrameworkServlet 'dispatcherServlet': initialization completed in 129 ms
2019-09-12 11:18:38,446 DEBUG c.j.App [http-nio-8080-exec-1] Debugging log
2019-09-12 11:18:38,447 INFO c.j.App [http-nio-8080-exec-1] Info log
2019-09-12 11:18:38,448 WARN c.j.App [http-nio-8080-exec-1] Hey, This is a warning!
2019-09-12 11:18:38,449 ERROR c.j.App [http-nio-8080-exec-1] Oops! We have an Error. OK
2019-09-12 11:18:38,450 FATAL c.j.App [http-nio-8080-exec-1] Damn! Fatal error. Please fix me.
2019-09-12 11:19:10,323 DEBUG c.j.App [http-nio-8080-exec-3] Debugging log
2019-09-12 11:19:10,328 INFO c.j.App [http-nio-8080-exec-3] Info log
2019-09-12 11:19:10,330 WARN c.j.App [http-nio-8080-exec-3] Hey, This is a warning!
2019-09-12 11:19:10,331 ERROR c.j.App [http-nio-8080-exec-3] Oops! We have an Error. OK
2019-09-12 11:19:10,332 FATAL c.j.App [http-nio-8080-exec-3] Damn! Fatal error. Please fix me.
2019-10-01 17:24:41,014 INFO c.j.App [main] Starting App on INS52532 with PID 11048 (C:\Users\s03ekt\EclipseProjects\mavenAgain\target\classes started by S03EKT in C:\Users\s03ekt\EclipseProjects\mavenAgain)
2019-10-01 17:24:41,025 DEBUG c.j.App [main] Running with Spring Boot v1.5.1.RELEASE, Spring v4.3.6.RELEASE
2019-10-01 17:24:41,027 INFO c.j.App [main] No active profile set, falling back to default profiles: default
2019-10-01 17:24:41,626 INFO o.h.v.i.u.Version [background-preinit] HV000001: Hibernate Validator 5.3.4.Final
2019-10-01 17:24:42,665 INFO o.s.c.s.PostProcessorRegistrationDelegate$BeanPostProcessorChecker [main] Bean 'org.springframework.boot.autoconfigure.validation.ValidationAutoConfiguration' of type [class org.springframework.boot.autoconfigure.validation.ValidationAutoConfiguration] is not eligible for getting processed by all BeanPostProcessors (for example: not eligible for auto-proxying)
2019-10-01 17:24:42,813 INFO o.s.c.s.PostProcessorRegistrationDelegate$BeanPostProcessorChecker [main] Bean 'validator' of type [class org.springframework.validation.beanvalidation.LocalValidatorFactoryBean] is not eligible for getting processed by all BeanPostProcessors (for example: not eligible for auto-proxying)
2019-10-01 17:24:43,207 INFO o.a.c.c.StandardService [main] Starting service Tomcat
2019-10-01 17:24:43,212 INFO o.a.c.c.StandardEngine [main] Starting Servlet Engine: Apache Tomcat/8.5.11
2019-10-01 17:24:43,340 INFO o.a.c.c.C.[.[.[/] [localhost-startStop-1] Initializing Spring embedded WebApplicationContext
2019-10-01 17:24:43,343 INFO o.s.w.c.ContextLoader [localhost-startStop-1] Root WebApplicationContext: initialization completed in 1906 ms
2019-10-01 17:24:43,956 INFO o.s.w.s.m.m.a.RequestMappingHandlerAdapter [main] Looking for @ControllerAdvice: org.springframework.boot.context.embedded.AnnotationConfigEmbeddedWebApplicationContext@10bec93f: startup date [Tue Oct 01 17:24:41 IST 2019]; root of context hierarchy
2019-10-01 17:24:44,068 INFO o.s.w.s.m.m.a.RequestMappingHandlerMapping [main] Mapped "{[/]}" onto java.lang.String com.javapoint.App.hello()
2019-10-01 17:24:44,075 INFO o.s.w.s.m.m.a.RequestMappingHandlerMapping [main] Mapped "{[/error]}" onto public org.springframework.http.ResponseEntity<java.util.Map<java.lang.String, java.lang.Object>> org.springframework.boot.autoconfigure.web.BasicErrorController.error(javax.servlet.http.HttpServletRequest)
2019-10-01 17:24:44,077 INFO o.s.w.s.m.m.a.RequestMappingHandlerMapping [main] Mapped "{[/error],produces=[text/html]}" onto public org.springframework.web.servlet.ModelAndView org.springframework.boot.autoconfigure.web.BasicErrorController.errorHtml(javax.servlet.http.HttpServletRequest,javax.servlet.http.HttpServletResponse)
2019-10-01 17:24:44,132 INFO o.s.w.s.h.SimpleUrlHandlerMapping [main] Mapped URL path [/webjars/**] onto handler of type [class org.springframework.web.servlet.resource.ResourceHttpRequestHandler]
2019-10-01 17:24:44,135 INFO o.s.w.s.h.SimpleUrlHandlerMapping [main] Mapped URL path [/**] onto handler of type [class org.springframework.web.servlet.resource.ResourceHttpRequestHandler]
2019-10-01 17:24:44,195 INFO o.s.w.s.h.SimpleUrlHandlerMapping [main] Mapped URL path [/**/favicon.ico] onto handler of type [class org.springframework.web.servlet.resource.ResourceHttpRequestHandler]
2019-10-01 17:24:44,869 INFO o.s.j.e.a.AnnotationMBeanExporter [main] Registering beans for JMX exposure on startup
2019-10-01 17:24:44,931 INFO o.a.c.h.Http11NioProtocol [main] Initializing ProtocolHandler ["http-nio-8080"]
2019-10-01 17:24:44,954 INFO o.a.c.h.Http11NioProtocol [main] Starting ProtocolHandler [http-nio-8080]
2019-10-01 17:24:44,986 INFO o.a.t.u.n.NioSelectorPool [main] Using a shared selector for servlet write/read
2019-10-01 17:24:45,024 INFO c.j.App [main] Started App in 4.494 seconds (JVM running for 39.232)
2019-10-01 17:24:57,747 INFO o.a.c.c.C.[.[.[/] [http-nio-8080-exec-1] Initializing Spring FrameworkServlet 'dispatcherServlet'
2019-10-01 17:24:57,753 INFO o.s.w.s.DispatcherServlet [http-nio-8080-exec-1] FrameworkServlet 'dispatcherServlet': initialization started
2019-10-01 17:24:57,799 INFO o.s.w.s.DispatcherServlet [http-nio-8080-exec-1] FrameworkServlet 'dispatcherServlet': initialization completed in 42 ms
2019-10-01 17:24:57,852 DEBUG c.j.App [http-nio-8080-exec-1] Debugging log
2019-10-01 17:24:57,853 INFO c.j.App [http-nio-8080-exec-1] Info log
2019-10-01 17:24:57,854 WARN c.j.App [http-nio-8080-exec-1] Hey, This is a warning!
2019-10-01 17:24:57,855 ERROR c.j.App [http-nio-8080-exec-1] Oops! We have an Error. OK
2019-10-01 17:24:57,856 FATAL c.j.App [http-nio-8080-exec-1] Damn! Fatal error. Please fix me.
